# JRE version: 7.0_06-b24
# Java VM: Java HotSpot(TM) Client VM (23.2-b09 mixed mode windows-x86 )
Heap
 def new generation   total 16896K, used 16172K [0x046c0000, 0x05910000, 0x09c10000)
  eden space 15040K,  95% used [0x046c0000, 0x054bb018, 0x05570000)
  from space 1856K,  99% used [0x05740000, 0x0590fff8, 0x05910000)
  to   space 1856K,   0% used [0x05570000, 0x05570000, 0x05740000)
 tenured generation   total 37400K, used 35325K [0x09c10000, 0x0c096000, 0x146c0000)
   the space 37400K,  94% used [0x09c10000, 0x0be8f498, 0x0be8f600, 0x0c096000)
 compacting perm gen  total 14592K, used 14371K [0x146c0000, 0x15500000, 0x186c0000)
   the space 14592K,  98% used [0x146c0000, 0x154c8d78, 0x154c8e00, 0x15500000)
GC Heap History (10 events):
Event: 3.166 GC heap before
{Heap before GC invocations=8 (full 0):
 def new generation   total 4928K, used 4928K [0x046c0000, 0x04c10000, 0x09c10000)
  eden space 4416K, 100% used [0x046c0000, 0x04b10000, 0x04b10000)
  from space 512K, 100% used [0x04b10000, 0x04b90000, 0x04b90000)
  to   space 512K,   0% used [0x04b90000, 0x04b90000, 0x04c10000)
 tenured generation   total 10944K, used 9514K [0x09c10000, 0x0a6c0000, 0x146c0000)
   the space 10944K,  86% used [0x09c10000, 0x0a55a998, 0x0a55aa00, 0x0a6c0000)
 compacting perm gen  total 14336K, used 14151K [0x146c0000, 0x154c0000, 0x186c0000)
   the space 14336K,  98% used [0x146c0000, 0x15491db0, 0x15491e00, 0x154c0000)
No shared spaces configured.
Event: 3.169 GC heap after
Heap after GC invocations=9 (full 0):
 def new generation   total 4928K, used 512K [0x046c0000, 0x04c10000, 0x09c10000)
  eden space 4416K,   0% used [0x046c0000, 0x046c0000, 0x04b10000)
  from space 512K, 100% used [0x04b90000, 0x04c10000, 0x04c10000)
  to   space 512K,   0% used [0x04b10000, 0x04b10000, 0x04b90000)
 tenured generation   total 10944K, used 10490K [0x09c10000, 0x0a6c0000, 0x146c0000)
   the space 10944K,  95% used [0x09c10000, 0x0a64e800, 0x0a64e800, 0x0a6c0000)
 compacting perm gen  total 14336K, used 14151K [0x146c0000, 0x154c0000, 0x186c0000)
   the space 14336K,  98% used [0x146c0000, 0x15491db0, 0x15491e00, 0x154c0000)
No shared spaces configured.
}
Event: 3.211 GC heap before
{Heap before GC invocations=9 (full 0):
 def new generation   total 4928K, used 4908K [0x046c0000, 0x04c10000, 0x09c10000)
  eden space 4416K,  99% used [0x046c0000, 0x04b0b310, 0x04b10000)
  from space 512K, 100% used [0x04b90000, 0x04c10000, 0x04c10000)
  to   space 512K,   0% used [0x04b10000, 0x04b10000, 0x04b90000)
 tenured generation   total 10944K, used 10490K [0x09c10000, 0x0a6c0000, 0x146c0000)
   the space 10944K,  95% used [0x09c10000, 0x0a64e800, 0x0a64e800, 0x0a6c0000)
 compacting perm gen  total 14336K, used 14151K [0x146c0000, 0x154c0000, 0x186c0000)
   the space 14336K,  98% used [0x146c0000, 0x15491dc0, 0x15491e00, 0x154c0000)
No shared spaces configured.
Event: 3.249 GC heap after
Heap after GC invocations=10 (full 1):
 def new generation   total 7936K, used 0K [0x046c0000, 0x04f50000, 0x09c10000)
  eden space 7104K,   0% used [0x046c0000, 0x046c0000, 0x04db0000)
  from space 832K,   0% used [0x04db0000, 0x04db0000, 0x04e80000)
  to   space 832K,   0% used [0x04e80000, 0x04e80000, 0x04f50000)
 tenured generation   total 17508K, used 10502K [0x09c10000, 0x0ad29000, 0x146c0000)
   the space 17508K,  59% used [0x09c10000, 0x0a651b30, 0x0a651c00, 0x0ad29000)
 compacting perm gen  total 14336K, used 14151K [0x146c0000, 0x154c0000, 0x186c0000)
   the space 14336K,  98% used [0x146c0000, 0x15491dc0, 0x15491e00, 0x154c0000)
No shared spaces configured.
}
Event: 3.298 GC heap before
{Heap before GC invocations=10 (full 1):
 def new generation   total 7936K, used 7018K [0x046c0000, 0x04f50000, 0x09c10000)
  eden space 7104K,  98% used [0x046c0000, 0x04d9a950, 0x04db0000)
  from space 832K,   0% used [0x04db0000, 0x04db0000, 0x04e80000)
  to   space 832K,   0% used [0x04e80000, 0x04e80000, 0x04f50000)
 tenured generation   total 17508K, used 10502K [0x09c10000, 0x0ad29000, 0x146c0000)
   the space 17508K,  59% used [0x09c10000, 0x0a651b30, 0x0a651c00, 0x0ad29000)
 compacting perm gen  total 14336K, used 14218K [0x146c0000, 0x154c0000, 0x186c0000)
   the space 14336K,  99% used [0x146c0000, 0x154a28d8, 0x154a2a00, 0x154c0000)
No shared spaces configured.
Event: 3.302 GC heap after
Heap after GC invocations=11 (full 1):
 def new generation   total 7936K, used 831K [0x046c0000, 0x04f50000, 0x09c10000)
  eden space 7104K,   0% used [0x046c0000, 0x046c0000, 0x04db0000)
  from space 832K,  99% used [0x04e80000, 0x04f4fff8, 0x04f50000)
  to   space 832K,   0% used [0x04db0000, 0x04db0000, 0x04e80000)
 tenured generation   total 17508K, used 16371K [0x09c10000, 0x0ad29000, 0x146c0000)
   the space 17508K,  93% used [0x09c10000, 0x0ac0ccf0, 0x0ac0ce00, 0x0ad29000)
 compacting perm gen  total 14336K, used 14218K [0x146c0000, 0x154c0000, 0x186c0000)
   the space 14336K,  99% used [0x146c0000, 0x154a28d8, 0x154a2a00, 0x154c0000)
No shared spaces configured.
}
Event: 3.349 GC heap before
{Heap before GC invocations=11 (full 1):
 def new generation   total 7936K, used 7812K [0x046c0000, 0x04f50000, 0x09c10000)
  eden space 7104K,  98% used [0x046c0000, 0x04d911e8, 0x04db0000)
  from space 832K,  99% used [0x04e80000, 0x04f4fff8, 0x04f50000)
  to   space 832K,   0% used [0x04db0000, 0x04db0000, 0x04e80000)
 tenured generation   total 17508K, used 16371K [0x09c10000, 0x0ad29000, 0x146c0000)
   the space 17508K,  93% used [0x09c10000, 0x0ac0ccf0, 0x0ac0ce00, 0x0ad29000)
 compacting perm gen  total 14336K, used 14218K [0x146c0000, 0x154c0000, 0x186c0000)
   the space 14336K,  99% used [0x146c0000, 0x154a28e8, 0x154a2a00, 0x154c0000)
No shared spaces configured.
Event: 3.392 GC heap after
Heap after GC invocations=12 (full 2):
 def new generation   total 16896K, used 0K [0x046c0000, 0x05910000, 0x09c10000)
  eden space 15040K,   0% used [0x046c0000, 0x046c0000, 0x05570000)
  from space 1856K,   0% used [0x05570000, 0x05570000, 0x05740000)
  to   space 1856K,   0% used [0x05740000, 0x05740000, 0x05910000)
 tenured generation   total 37400K, used 22439K [0x09c10000, 0x0c096000, 0x146c0000)
   the space 37400K,  59% used [0x09c10000, 0x0b1f9fd8, 0x0b1fa000, 0x0c096000)
 compacting perm gen  total 14336K, used 14218K [0x146c0000, 0x154c0000, 0x186c0000)
   the space 14336K,  99% used [0x146c0000, 0x154a28e8, 0x154a2a00, 0x154c0000)
No shared spaces configured.
}
Event: 3.495 GC heap before
{Heap before GC invocations=12 (full 2):
 def new generation   total 16896K, used 14968K [0x046c0000, 0x05910000, 0x09c10000)
  eden space 15040K,  99% used [0x046c0000, 0x0555e1a0, 0x05570000)
  from space 1856K,   0% used [0x05570000, 0x05570000, 0x05740000)
  to   space 1856K,   0% used [0x05740000, 0x05740000, 0x05910000)
 tenured generation   total 37400K, used 22439K [0x09c10000, 0x0c096000, 0x146c0000)
   the space 37400K,  59% used [0x09c10000, 0x0b1f9fd8, 0x0b1fa000, 0x0c096000)
 compacting perm gen  total 14336K, used 14218K [0x146c0000, 0x154c0000, 0x186c0000)
   the space 14336K,  99% used [0x146c0000, 0x154a28e8, 0x154a2a00, 0x154c0000)
No shared spaces configured.
Event: 3.504 GC heap after
Heap after GC invocations=13 (full 2):
 def new generation   total 16896K, used 1855K [0x046c0000, 0x05910000, 0x09c10000)
  eden space 15040K,   0% used [0x046c0000, 0x046c0000, 0x05570000)
  from space 1856K,  99% used [0x05740000, 0x0590fff8, 0x05910000)
  to   space 1856K,   0% used [0x05570000, 0x05570000, 0x05740000)
 tenured generation   total 37400K, used 35325K [0x09c10000, 0x0c096000, 0x146c0000)
   the space 37400K,  94% used [0x09c10000, 0x0be8f498, 0x0be8f600, 0x0c096000)
 compacting perm gen  total 14336K, used 14218K [0x146c0000, 0x154c0000, 0x186c0000)
   the space 14336K,  99% used [0x146c0000, 0x154a28e8, 0x154a2a00, 0x154c0000)
No shared spaces configured.
}

